13:20:15.206 [main] INFO  testCases.TC_001_AccountRegistrationTest -  *****Started TC_001_AccountRegistrationTest**** 
13:20:15.413 [main] INFO  testCases.TC_001_AccountRegistrationTest - Clicked on My Account link
13:20:16.085 [main] INFO  testCases.TC_001_AccountRegistrationTest - Clicked on register link
13:20:16.099 [main] INFO  testCases.TC_001_AccountRegistrationTest - Providing customer data
13:20:28.176 [main] INFO  testCases.TC_001_AccountRegistrationTest - Clicked on Continue
13:20:40.270 [main] INFO  testCases.TC_001_AccountRegistrationTest - Validating excepted message
13:20:40.270 [main] INFO  testCases.TC_001_AccountRegistrationTest -  *****Finished TC_001_AccountRegistrationTest**** 
13:20:40.272 [main] INFO  testCases.TC_001_AccountRegistrationTest -  *****Started TC_002_AccountRegistrationTest**** 
13:20:44.023 [main] INFO  testCases.TC_001_AccountRegistrationTest - Clicked on register link
13:20:51.118 [main] INFO  testCases.TC_001_AccountRegistrationTest - Validating excepted message
13:20:51.118 [main] INFO  testCases.TC_001_AccountRegistrationTest -  *****Finished TC_002_AccountRegistrationTest**** 
19:54:07.824 [main] INFO  testCases.TC_001_AccountRegistrationTest -  *****Started TC_001_AccountRegistrationTest**** 
19:54:07.959 [main] INFO  testCases.TC_001_AccountRegistrationTest - Clicked on My Account link
19:54:08.561 [main] INFO  testCases.TC_001_AccountRegistrationTest - Clicked on register link
19:54:08.570 [main] INFO  testCases.TC_001_AccountRegistrationTest - Providing customer data
19:54:20.032 [main] INFO  testCases.TC_001_AccountRegistrationTest - Clicked on Continue
19:54:32.077 [main] INFO  testCases.TC_001_AccountRegistrationTest - Validating excepted message
19:54:32.077 [main] INFO  testCases.TC_001_AccountRegistrationTest -  *****Finished TC_001_AccountRegistrationTest**** 
19:54:32.077 [main] INFO  testCases.TC_001_AccountRegistrationTest -  *****Started TC_002_AccountRegistrationTest**** 
19:54:35.323 [main] INFO  testCases.TC_001_AccountRegistrationTest - Clicked on register link
19:54:42.343 [main] INFO  testCases.TC_001_AccountRegistrationTest - Validating excepted message
19:55:33.246 [main] INFO  testCases.TC_001_AccountRegistrationTest -  *****Started TC_001_AccountRegistrationTest**** 
19:55:33.364 [main] INFO  testCases.TC_001_AccountRegistrationTest - Clicked on My Account link
19:55:33.905 [main] INFO  testCases.TC_001_AccountRegistrationTest - Clicked on register link
19:55:33.907 [main] INFO  testCases.TC_001_AccountRegistrationTest - Providing customer data
19:55:45.350 [main] INFO  testCases.TC_001_AccountRegistrationTest - Clicked on Continue
19:55:57.408 [main] INFO  testCases.TC_001_AccountRegistrationTest - Validating excepted message
19:55:57.408 [main] INFO  testCases.TC_001_AccountRegistrationTest -  *****Finished TC_001_AccountRegistrationTest**** 
19:55:57.408 [main] INFO  testCases.TC_001_AccountRegistrationTest -  *****Started TC_002_AccountRegistrationTest**** 
19:56:00.525 [main] INFO  testCases.TC_001_AccountRegistrationTest - Clicked on register link
19:56:07.600 [main] INFO  testCases.TC_001_AccountRegistrationTest - Validating excepted message
19:56:07.600 [main] INFO  testCases.TC_001_AccountRegistrationTest -  *****Finished TC_002_AccountRegistrationTest**** 
21:37:50.719 [main] INFO  testCases.TC_001_AccountRegistrationTest -  *****Started TC_001_AccountRegistrationTest**** 
21:37:50.914 [main] INFO  testCases.TC_001_AccountRegistrationTest - Clicked on My Account link
21:37:51.768 [main] INFO  testCases.TC_001_AccountRegistrationTest - Clicked on register link
21:37:51.777 [main] INFO  testCases.TC_001_AccountRegistrationTest - Providing customer data
21:38:03.848 [main] INFO  testCases.TC_001_AccountRegistrationTest - Clicked on Continue
21:38:15.922 [main] INFO  testCases.TC_001_AccountRegistrationTest - Validating excepted message
21:38:15.922 [main] INFO  testCases.TC_001_AccountRegistrationTest -  *****Finished TC_001_AccountRegistrationTest**** 
21:38:15.924 [main] INFO  testCases.TC_001_AccountRegistrationTest -  *****Started TC_002_AccountRegistrationTest**** 
21:38:19.081 [main] INFO  testCases.TC_001_AccountRegistrationTest - Clicked on register link
21:38:26.174 [main] INFO  testCases.TC_001_AccountRegistrationTest - Validating excepted message
21:38:26.174 [main] INFO  testCases.TC_001_AccountRegistrationTest -  *****Finished TC_002_AccountRegistrationTest**** 
22:31:31.987 [main] INFO  testCases.TC_001_AccountRegistrationTest -  *****Started TC_001_AccountRegistrationTest**** 
22:31:32.162 [main] INFO  testCases.TC_001_AccountRegistrationTest - Clicked on My Account link
22:31:33.020 [main] INFO  testCases.TC_001_AccountRegistrationTest - Clicked on register link
22:31:33.023 [main] INFO  testCases.TC_001_AccountRegistrationTest - Providing customer data
22:31:45.200 [main] INFO  testCases.TC_001_AccountRegistrationTest - Clicked on Continue
22:31:57.273 [main] INFO  testCases.TC_001_AccountRegistrationTest - Validating excepted message
22:31:57.273 [main] INFO  testCases.TC_001_AccountRegistrationTest -  *****Finished TC_001_AccountRegistrationTest**** 
22:31:57.273 [main] INFO  testCases.TC_001_AccountRegistrationTest -  *****Started TC_002_AccountRegistrationTest**** 
22:31:59.823 [main] INFO  testCases.TC_001_AccountRegistrationTest - Clicked on register link
22:32:06.926 [main] INFO  testCases.TC_001_AccountRegistrationTest - Validating excepted message
22:32:06.926 [main] INFO  testCases.TC_001_AccountRegistrationTest -  *****Finished TC_002_AccountRegistrationTest**** 
19:24:48.818 [main] INFO  testCases.TC_001_AccountRegistrationTest -  *****Started TC_001_AccountRegistrationTest**** 
19:24:49.046 [main] INFO  testCases.TC_001_AccountRegistrationTest - Clicked on My Account link
19:24:49.826 [main] INFO  testCases.TC_001_AccountRegistrationTest - Clicked on register link
19:24:49.846 [main] INFO  testCases.TC_001_AccountRegistrationTest - Providing customer data
19:25:01.983 [main] INFO  testCases.TC_001_AccountRegistrationTest - Clicked on Continue
19:25:14.057 [main] INFO  testCases.TC_001_AccountRegistrationTest - Validating excepted message
19:25:14.057 [main] INFO  testCases.TC_001_AccountRegistrationTest -  *****Finished TC_001_AccountRegistrationTest**** 
19:25:14.058 [main] INFO  testCases.TC_001_AccountRegistrationTest -  *****Started TC_002_AccountRegistrationTest**** 
19:25:17.875 [main] INFO  testCases.TC_001_AccountRegistrationTest - Clicked on register link
19:25:24.973 [main] INFO  testCases.TC_001_AccountRegistrationTest - Validating excepted message
19:25:24.978 [main] INFO  testCases.TC_001_AccountRegistrationTest -  *****Finished TC_002_AccountRegistrationTest**** 
19:26:11.352 [main] INFO  testCases.TC_001_AccountRegistrationTest -  *****Started TC_001_AccountRegistrationTest**** 
19:26:11.505 [main] INFO  testCases.TC_001_AccountRegistrationTest - Clicked on My Account link
19:26:12.312 [main] INFO  testCases.TC_001_AccountRegistrationTest - Clicked on register link
19:26:12.318 [main] INFO  testCases.TC_001_AccountRegistrationTest - Providing customer data
19:26:24.383 [main] INFO  testCases.TC_001_AccountRegistrationTest - Clicked on Continue
19:26:36.398 [main] INFO  testCases.TC_001_AccountRegistrationTest - Validating excepted message
19:26:36.398 [main] INFO  testCases.TC_001_AccountRegistrationTest -  *****Finished TC_001_AccountRegistrationTest**** 
19:26:36.403 [main] INFO  testCases.TC_001_AccountRegistrationTest -  *****Started TC_002_AccountRegistrationTest**** 
19:26:40.022 [main] INFO  testCases.TC_001_AccountRegistrationTest - Clicked on register link
19:26:47.050 [main] INFO  testCases.TC_001_AccountRegistrationTest - Validating excepted message
19:26:47.050 [main] INFO  testCases.TC_001_AccountRegistrationTest -  *****Finished TC_002_AccountRegistrationTest**** 
13:01:23.665 [main] INFO  testCases.TC_001_AccountRegistrationTest -  *****Started TC_001_AccountRegistrationTest**** 
13:01:23.843 [main] INFO  testCases.TC_001_AccountRegistrationTest - Clicked on My Account link
13:01:24.775 [main] INFO  testCases.TC_001_AccountRegistrationTest - Clicked on register link
13:01:24.775 [main] INFO  testCases.TC_001_AccountRegistrationTest - Providing customer data
13:01:36.576 [main] INFO  testCases.TC_001_AccountRegistrationTest - Clicked on Continue
13:01:48.648 [main] INFO  testCases.TC_001_AccountRegistrationTest - Validating excepted message
13:01:48.648 [main] INFO  testCases.TC_001_AccountRegistrationTest -  *****Finished TC_001_AccountRegistrationTest**** 
13:01:48.660 [main] INFO  testCases.TC_001_AccountRegistrationTest -  *****Started TC_002_AccountRegistrationTest**** 
13:01:52.119 [main] INFO  testCases.TC_001_AccountRegistrationTest - Clicked on register link
13:01:59.165 [main] INFO  testCases.TC_001_AccountRegistrationTest - Validating excepted message
13:01:59.165 [main] INFO  testCases.TC_001_AccountRegistrationTest -  *****Finished TC_002_AccountRegistrationTest**** 
18:54:57.388 [main] INFO  testCases.TC_001_AccountRegistrationTest -  *****Started TC_001_AccountRegistrationTest**** 
18:54:57.544 [main] INFO  testCases.TC_001_AccountRegistrationTest - Clicked on My Account link
18:54:58.428 [main] INFO  testCases.TC_001_AccountRegistrationTest - Clicked on register link
18:54:58.445 [main] INFO  testCases.TC_001_AccountRegistrationTest - Providing customer data
18:55:10.688 [main] INFO  testCases.TC_001_AccountRegistrationTest - Clicked on Continue
18:55:22.747 [main] INFO  testCases.TC_001_AccountRegistrationTest - Validating excepted message
18:55:22.747 [main] INFO  testCases.TC_001_AccountRegistrationTest -  *****Finished TC_001_AccountRegistrationTest**** 
18:55:22.747 [main] INFO  testCases.TC_001_AccountRegistrationTest -  *****Started TC_002_AccountRegistrationTest**** 
18:55:25.777 [main] INFO  testCases.TC_001_AccountRegistrationTest - Clicked on register link
18:55:32.876 [main] INFO  testCases.TC_001_AccountRegistrationTest - Validating excepted message
18:55:32.876 [main] INFO  testCases.TC_001_AccountRegistrationTest -  *****Finished TC_002_AccountRegistrationTest**** 
18:56:40.603 [main] INFO  testCases.TC_001_AccountRegistrationTest -  *****Started TC_001_AccountRegistrationTest**** 
18:56:40.844 [main] INFO  testCases.TC_001_AccountRegistrationTest - Clicked on My Account link
18:56:41.628 [main] INFO  testCases.TC_001_AccountRegistrationTest - Clicked on register link
18:56:41.630 [main] INFO  testCases.TC_001_AccountRegistrationTest - Providing customer data
18:56:53.801 [main] INFO  testCases.TC_001_AccountRegistrationTest - Clicked on Continue
18:57:05.860 [main] INFO  testCases.TC_001_AccountRegistrationTest - Validating excepted message
18:57:05.860 [main] INFO  testCases.TC_001_AccountRegistrationTest -  *****Finished TC_001_AccountRegistrationTest**** 
18:57:05.860 [main] INFO  testCases.TC_001_AccountRegistrationTest -  *****Started TC_002_AccountRegistrationTest**** 
18:57:09.177 [main] INFO  testCases.TC_001_AccountRegistrationTest - Clicked on register link
18:57:16.293 [main] INFO  testCases.TC_001_AccountRegistrationTest - Validating excepted message
18:57:16.293 [main] INFO  testCases.TC_001_AccountRegistrationTest -  *****Finished TC_002_AccountRegistrationTest**** 
